<?xml version="1.0"?>
<!DOCTYPE coverage SYSTEM "http://cobertura.sourceforge.net/xml/coverage-04.dtd">

<coverage line-rate="0.15649867374005305" branch-rate="0.4146341463414634" lines-covered="59" lines-valid="377" branches-covered="34" branches-valid="82" complexity="1.2516129032258065" version="2.1.1" timestamp="1497196459105">
	<sources>
		<source>--source</source>
		<source>/var/lib/openshift/540b2c664382ec0a4f000622/app-root/data/workspace/Solenopsis-Keraiai/target/generated-sources/annotations</source>
		<source>/var/lib/openshift/540b2c664382ec0a4f000622/app-root/data/workspace/Solenopsis-Keraiai/target/generated-sources/jaxws/wsimport</source>
		<source>/var/lib/openshift/540b2c664382ec0a4f000622/app-root/data/workspace/Solenopsis-Keraiai/src/main/java</source>
	</sources>
	<packages>
		<package name="org.flossware.jcore" line-rate="0.3157894736842105" branch-rate="1.0" complexity="0.0">
			<classes>
				<class name="org.flossware.jcore.AbstractCommonBase" filename="org/flossware/jcore/AbstractCommonBase.java" line-rate="0.23076923076923078" branch-rate="1.0" complexity="0.0">
					<methods>
						<method name="&lt;init&gt;" signature="()V" line-rate="1.0" branch-rate="1.0" complexity="0">
							<lines>
								<line number="37" hits="8" branch="false"/>
								<line number="38" hits="8" branch="false"/>
								<line number="39" hits="8" branch="false"/>
							</lines>
						</method>
						<method name="getLogger" signature="()Ljava/util/logging/Logger;" line-rate="0.0" branch-rate="1.0" complexity="0">
							<lines>
								<line number="47" hits="0" branch="false"/>
							</lines>
						</method>
						<method name="log" signature="(Ljava/util/logging/Level;Ljava/lang/String;[Ljava/lang/Object;)V" line-rate="0.0" branch-rate="1.0" complexity="0">
							<lines>
								<line number="81" hits="0" branch="false"/>
								<line number="82" hits="0" branch="false"/>
							</lines>
						</method>
						<method name="log" signature="(Ljava/util/logging/Level;Ljava/lang/Throwable;Ljava/lang/String;)V" line-rate="0.0" branch-rate="1.0" complexity="0">
							<lines>
								<line number="70" hits="0" branch="false"/>
								<line number="71" hits="0" branch="false"/>
							</lines>
						</method>
						<method name="log" signature="(Ljava/util/logging/Level;Ljava/lang/Throwable;Ljava/lang/String;[Ljava/lang/Object;)V" line-rate="0.0" branch-rate="1.0" complexity="0">
							<lines>
								<line number="59" hits="0" branch="false"/>
								<line number="60" hits="0" branch="false"/>
							</lines>
						</method>
						<method name="logAndReturn" signature="(Ljava/util/logging/Level;Ljava/lang/String;Ljava/lang/Object;)Ljava/lang/Object;" line-rate="0.0" branch-rate="1.0" complexity="0">
							<lines>
								<line number="96" hits="0" branch="false"/>
							</lines>
						</method>
						<method name="logAndReturn" signature="(Ljava/util/logging/Level;Ljava/lang/String;[Ljava/lang/Object;)Ljava/lang/Object;" line-rate="0.0" branch-rate="1.0" complexity="0">
							<lines>
								<line number="128" hits="0" branch="false"/>
							</lines>
						</method>
						<method name="logAndReturnByIndex" signature="(Ljava/util/logging/Level;Ljava/lang/String;I[Ljava/lang/Object;)Ljava/lang/Object;" line-rate="0.0" branch-rate="1.0" complexity="0">
							<lines>
								<line number="113" hits="0" branch="false"/>
							</lines>
						</method>
					</methods>
					<lines>
						<line number="37" hits="8" branch="false"/>
						<line number="38" hits="8" branch="false"/>
						<line number="39" hits="8" branch="false"/>
						<line number="47" hits="0" branch="false"/>
						<line number="59" hits="0" branch="false"/>
						<line number="60" hits="0" branch="false"/>
						<line number="70" hits="0" branch="false"/>
						<line number="71" hits="0" branch="false"/>
						<line number="81" hits="0" branch="false"/>
						<line number="82" hits="0" branch="false"/>
						<line number="96" hits="0" branch="false"/>
						<line number="113" hits="0" branch="false"/>
						<line number="128" hits="0" branch="false"/>
					</lines>
				</class>
				<class name="org.flossware.jcore.AbstractStringifiable" filename="org/flossware/jcore/AbstractStringifiable.java" line-rate="0.5" branch-rate="1.0" complexity="0.0">
					<methods>
						<method name="&lt;clinit&gt;" signature="()V" line-rate="1.0" branch-rate="1.0" complexity="0">
							<lines>
								<line number="13" hits="1" branch="false"/>
							</lines>
						</method>
						<method name="&lt;init&gt;" signature="()V" line-rate="1.0" branch-rate="1.0" complexity="0">
							<lines>
								<line number="18" hits="8" branch="false"/>
								<line number="19" hits="8" branch="false"/>
							</lines>
						</method>
						<method name="toString" signature="()Ljava/lang/String;" line-rate="0.0" branch-rate="1.0" complexity="0">
							<lines>
								<line number="44" hits="0" branch="false"/>
							</lines>
						</method>
						<method name="toStringBuilder" signature="(Ljava/lang/String;)Ljava/lang/StringBuilder;" line-rate="0.0" branch-rate="1.0" complexity="0">
							<lines>
								<line number="34" hits="0" branch="false"/>
							</lines>
						</method>
						<method name="toStringBuilder" signature="(Ljava/lang/StringBuilder;)Ljava/lang/StringBuilder;" line-rate="0.0" branch-rate="1.0" complexity="0">
							<lines>
								<line number="26" hits="0" branch="false"/>
							</lines>
						</method>
					</methods>
					<lines>
						<line number="13" hits="1" branch="false"/>
						<line number="18" hits="8" branch="false"/>
						<line number="19" hits="8" branch="false"/>
						<line number="26" hits="0" branch="false"/>
						<line number="34" hits="0" branch="false"/>
						<line number="44" hits="0" branch="false"/>
					</lines>
				</class>
			</classes>
		</package>
		<package name="org.flossware.jcore.utils" line-rate="0.5178571428571429" branch-rate="0.5666666666666667" complexity="0.0">
			<classes>
				<class name="org.flossware.jcore.utils.LoggerUtils" filename="org/flossware/jcore/utils/LoggerUtils.java" line-rate="0.3888888888888889" branch-rate="0.0" complexity="0.0">
					<methods>
						<method name="&lt;init&gt;" signature="()V" line-rate="0.0" branch-rate="1.0" complexity="0">
							<lines>
								<line number="172" hits="0" branch="false"/>
								<line number="173" hits="0" branch="false"/>
							</lines>
						</method>
						<method name="log" signature="(Ljava/util/logging/Logger;Ljava/util/logging/Level;Ljava/lang/String;[Ljava/lang/Object;)V" line-rate="1.0" branch-rate="1.0" complexity="0">
							<lines>
								<line number="113" hits="30" branch="false"/>
								<line number="114" hits="30" branch="false"/>
							</lines>
						</method>
						<method name="log" signature="(Ljava/util/logging/Logger;Ljava/util/logging/Level;Ljava/lang/Throwable;Ljava/lang/String;)V" line-rate="0.0" branch-rate="1.0" complexity="0">
							<lines>
								<line number="101" hits="0" branch="false"/>
								<line number="102" hits="0" branch="false"/>
							</lines>
						</method>
						<method name="log" signature="(Ljava/util/logging/Logger;Ljava/util/logging/Level;Ljava/lang/Throwable;Ljava/lang/String;[Ljava/lang/Object;)V" line-rate="0.0" branch-rate="0.0" complexity="0">
							<lines>
								<line number="84" hits="0" branch="false"/>
								<line number="85" hits="0" branch="false"/>
								<line number="86" hits="0" branch="false"/>
								<line number="87" hits="0" branch="false"/>
								<line number="88" hits="0" branch="false"/>
								<line number="89" hits="0" branch="true" condition-coverage="0% (0/4)">
									<conditions>
										<condition number="0" type="jump" coverage="0%"/>
										<condition number="1" type="jump" coverage="0%"/>
									</conditions>
								</line>
								<line number="90" hits="0" branch="false"/>
							</lines>
						</method>
						<method name="logAndReturn" signature="(Ljava/util/logging/Logger;Ljava/util/logging/Level;Ljava/lang/String;Ljava/lang/Object;)Ljava/lang/Object;" line-rate="1.0" branch-rate="1.0" complexity="0">
							<lines>
								<line number="129" hits="3" branch="false"/>
								<line number="131" hits="3" branch="false"/>
							</lines>
						</method>
						<method name="logAndReturn" signature="(Ljava/util/logging/Logger;Ljava/util/logging/Level;Ljava/lang/String;[Ljava/lang/Object;)Ljava/lang/Object;" line-rate="1.0" branch-rate="1.0" complexity="0">
							<lines>
								<line number="166" hits="30" branch="false"/>
							</lines>
						</method>
						<method name="logAndReturnByIndex" signature="(Ljava/util/logging/Logger;Ljava/util/logging/Level;Ljava/lang/String;I[Ljava/lang/Object;)Ljava/lang/Object;" line-rate="1.0" branch-rate="1.0" complexity="0">
							<lines>
								<line number="148" hits="30" branch="false"/>
								<line number="150" hits="30" branch="false"/>
							</lines>
						</method>
					</methods>
					<lines>
						<line number="84" hits="0" branch="false"/>
						<line number="85" hits="0" branch="false"/>
						<line number="86" hits="0" branch="false"/>
						<line number="87" hits="0" branch="false"/>
						<line number="88" hits="0" branch="false"/>
						<line number="89" hits="0" branch="true" condition-coverage="0% (0/4)">
							<conditions>
								<condition number="0" type="jump" coverage="0%"/>
								<condition number="1" type="jump" coverage="0%"/>
							</conditions>
						</line>
						<line number="90" hits="0" branch="false"/>
						<line number="101" hits="0" branch="false"/>
						<line number="102" hits="0" branch="false"/>
						<line number="113" hits="30" branch="false"/>
						<line number="114" hits="30" branch="false"/>
						<line number="129" hits="3" branch="false"/>
						<line number="131" hits="3" branch="false"/>
						<line number="148" hits="30" branch="false"/>
						<line number="150" hits="30" branch="false"/>
						<line number="166" hits="30" branch="false"/>
						<line number="172" hits="0" branch="false"/>
						<line number="173" hits="0" branch="false"/>
					</lines>
				</class>
				<class name="org.flossware.jcore.utils.ObjectUtils" filename="org/flossware/jcore/utils/ObjectUtils.java" line-rate="0.42857142857142855" branch-rate="1.0" complexity="0.0">
					<methods>
						<method name="&lt;init&gt;" signature="()V" line-rate="0.0" branch-rate="1.0" complexity="0">
							<lines>
								<line number="66" hits="0" branch="false"/>
								<line number="67" hits="0" branch="false"/>
							</lines>
						</method>
						<method name="ensureObject" signature="(Ljava/lang/Object;)Ljava/lang/Object;" line-rate="0.0" branch-rate="1.0" complexity="0">
							<lines>
								<line number="49" hits="0" branch="false"/>
							</lines>
						</method>
						<method name="ensureObject" signature="(Ljava/lang/Object;Ljava/lang/String;)Ljava/lang/Object;" line-rate="1.0" branch-rate="1.0" complexity="0">
							<lines>
								<line number="30" hits="18" branch="true" condition-coverage="100% (2/2)">
									<conditions>
										<condition number="0" type="jump" coverage="100%"/>
									</conditions>
								</line>
								<line number="31" hits="1" branch="false"/>
								<line number="34" hits="17" branch="false"/>
							</lines>
						</method>
						<method name="getPackage" signature="(Ljava/lang/Object;)Ljava/lang/String;" line-rate="0.0" branch-rate="1.0" complexity="0">
							<lines>
								<line number="60" hits="0" branch="false"/>
							</lines>
						</method>
					</methods>
					<lines>
						<line number="30" hits="18" branch="true" condition-coverage="100% (2/2)">
							<conditions>
								<condition number="0" type="jump" coverage="100%"/>
							</conditions>
						</line>
						<line number="31" hits="1" branch="false"/>
						<line number="34" hits="17" branch="false"/>
						<line number="49" hits="0" branch="false"/>
						<line number="60" hits="0" branch="false"/>
						<line number="66" hits="0" branch="false"/>
						<line number="67" hits="0" branch="false"/>
					</lines>
				</class>
				<class name="org.flossware.jcore.utils.StringUtils" filename="org/flossware/jcore/utils/StringUtils.java" line-rate="0.6538461538461539" branch-rate="0.625" complexity="0.0">
					<methods>
						<method name="&lt;clinit&gt;" signature="()V" line-rate="1.0" branch-rate="1.0" complexity="0">
							<lines>
								<line number="32" hits="1" branch="false"/>
							</lines>
						</method>
						<method name="&lt;init&gt;" signature="()V" line-rate="0.0" branch-rate="1.0" complexity="0">
							<lines>
								<line number="175" hits="0" branch="false"/>
								<line number="176" hits="0" branch="false"/>
							</lines>
						</method>
						<method name="concat" signature="([Ljava/lang/Object;)Ljava/lang/String;" line-rate="1.0" branch-rate="1.0" complexity="0">
							<lines>
								<line number="153" hits="3" branch="false"/>
							</lines>
						</method>
						<method name="concatWithSeparator" signature="(Ljava/lang/String;[Ljava/lang/Object;)Ljava/lang/String;" line-rate="1.0" branch-rate="1.0" complexity="0">
							<lines>
								<line number="142" hits="3" branch="false"/>
							</lines>
						</method>
						<method name="concatWithSeparator" signature="(ZLjava/lang/String;[Ljava/lang/Object;)Ljava/lang/String;" line-rate="0.7272727272727273" branch-rate="0.5" complexity="0">
							<lines>
								<line number="110" hits="3" branch="false"/>
								<line number="112" hits="3" branch="true" condition-coverage="25% (1/4)">
									<conditions>
										<condition number="0" type="jump" coverage="50%"/>
										<condition number="1" type="jump" coverage="0%"/>
									</conditions>
								</line>
								<line number="113" hits="0" branch="false"/>
								<line number="116" hits="3" branch="false"/>
								<line number="118" hits="9" branch="true" condition-coverage="100% (2/2)">
									<conditions>
										<condition number="0" type="jump" coverage="100%"/>
									</conditions>
								</line>
								<line number="119" hits="6" branch="false"/>
								<line number="121" hits="6" branch="true" condition-coverage="50% (1/2)">
									<conditions>
										<condition number="0" type="jump" coverage="50%"/>
									</conditions>
								</line>
								<line number="122" hits="0" branch="false"/>
								<line number="126" hits="3" branch="true" condition-coverage="50% (1/2)">
									<conditions>
										<condition number="0" type="jump" coverage="50%"/>
									</conditions>
								</line>
								<line number="127" hits="0" branch="false"/>
								<line number="130" hits="3" branch="false"/>
							</lines>
						</method>
						<method name="ensureString" signature="(Ljava/lang/String;)Ljava/lang/String;" line-rate="0.0" branch-rate="1.0" complexity="0">
							<lines>
								<line number="84" hits="0" branch="false"/>
							</lines>
						</method>
						<method name="ensureString" signature="(Ljava/lang/String;Ljava/lang/String;)Ljava/lang/String;" line-rate="1.0" branch-rate="1.0" complexity="0">
							<lines>
								<line number="67" hits="24" branch="true" condition-coverage="100% (2/2)">
									<conditions>
										<condition number="0" type="jump" coverage="100%"/>
									</conditions>
								</line>
								<line number="68" hits="12" branch="false"/>
								<line number="71" hits="12" branch="false"/>
							</lines>
						</method>
						<method name="getLogger" signature="()Ljava/util/logging/Logger;" line-rate="1.0" branch-rate="1.0" complexity="0">
							<lines>
								<line number="38" hits="33" branch="false"/>
							</lines>
						</method>
						<method name="isBlank" signature="(Ljava/lang/String;)Z" line-rate="1.0" branch-rate="1.0" complexity="0">
							<lines>
								<line number="53" hits="24" branch="true" condition-coverage="100% (4/4)">
									<conditions>
										<condition number="0" type="jump" coverage="100%"/>
										<condition number="1" type="jump" coverage="100%"/>
									</conditions>
								</line>
							</lines>
						</method>
						<method name="isContained" signature="(Ljava/lang/String;Ljava/lang/String;)Z" line-rate="0.0" branch-rate="0.0" complexity="0">
							<lines>
								<line number="165" hits="0" branch="true" condition-coverage="0% (0/2)">
									<conditions>
										<condition number="0" type="jump" coverage="0%"/>
									</conditions>
								</line>
								<line number="167" hits="0" branch="false"/>
								<line number="169" hits="0" branch="false"/>
							</lines>
						</method>
						<method name="isSeparatorAppendable" signature="(Ljava/lang/String;I[Ljava/lang/Object;)Z" line-rate="1.0" branch-rate="0.6666666666666666" complexity="0">
							<lines>
								<line number="97" hits="6" branch="true" condition-coverage="66% (4/6)">
									<conditions>
										<condition number="0" type="jump" coverage="50%"/>
										<condition number="1" type="jump" coverage="100%"/>
										<condition number="2" type="jump" coverage="50%"/>
									</conditions>
								</line>
							</lines>
						</method>
					</methods>
					<lines>
						<line number="32" hits="1" branch="false"/>
						<line number="38" hits="33" branch="false"/>
						<line number="53" hits="24" branch="true" condition-coverage="100% (4/4)">
							<conditions>
								<condition number="0" type="jump" coverage="100%"/>
								<condition number="1" type="jump" coverage="100%"/>
							</conditions>
						</line>
						<line number="67" hits="24" branch="true" condition-coverage="100% (2/2)">
							<conditions>
								<condition number="0" type="jump" coverage="100%"/>
							</conditions>
						</line>
						<line number="68" hits="12" branch="false"/>
						<line number="71" hits="12" branch="false"/>
						<line number="84" hits="0" branch="false"/>
						<line number="97" hits="6" branch="true" condition-coverage="66% (4/6)">
							<conditions>
								<condition number="0" type="jump" coverage="50%"/>
								<condition number="1" type="jump" coverage="100%"/>
								<condition number="2" type="jump" coverage="50%"/>
							</conditions>
						</line>
						<line number="110" hits="3" branch="false"/>
						<line number="112" hits="3" branch="true" condition-coverage="25% (1/4)">
							<conditions>
								<condition number="0" type="jump" coverage="50%"/>
								<condition number="1" type="jump" coverage="0%"/>
							</conditions>
						</line>
						<line number="113" hits="0" branch="false"/>
						<line number="116" hits="3" branch="false"/>
						<line number="118" hits="9" branch="true" condition-coverage="100% (2/2)">
							<conditions>
								<condition number="0" type="jump" coverage="100%"/>
							</conditions>
						</line>
						<line number="119" hits="6" branch="false"/>
						<line number="121" hits="6" branch="true" condition-coverage="50% (1/2)">
							<conditions>
								<condition number="0" type="jump" coverage="50%"/>
							</conditions>
						</line>
						<line number="122" hits="0" branch="false"/>
						<line number="126" hits="3" branch="true" condition-coverage="50% (1/2)">
							<conditions>
								<condition number="0" type="jump" coverage="50%"/>
							</conditions>
						</line>
						<line number="127" hits="0" branch="false"/>
						<line number="130" hits="3" branch="false"/>
						<line number="142" hits="3" branch="false"/>
						<line number="153" hits="3" branch="false"/>
						<line number="165" hits="0" branch="true" condition-coverage="0% (0/2)">
							<conditions>
								<condition number="0" type="jump" coverage="0%"/>
							</conditions>
						</line>
						<line number="167" hits="0" branch="false"/>
						<line number="169" hits="0" branch="false"/>
						<line number="175" hits="0" branch="false"/>
						<line number="176" hits="0" branch="false"/>
					</lines>
				</class>
				<class name="org.flossware.jcore.utils.TestUtils" filename="org/flossware/jcore/utils/TestUtils.java" line-rate="0.4" branch-rate="1.0" complexity="0.0">
					<methods>
						<method name="&lt;init&gt;" signature="()V" line-rate="0.0" branch-rate="1.0" complexity="0">
							<lines>
								<line number="61" hits="0" branch="false"/>
								<line number="62" hits="0" branch="false"/>
							</lines>
						</method>
						<method name="generateUniqueStr" signature="()Ljava/lang/String;" line-rate="0.0" branch-rate="1.0" complexity="0">
							<lines>
								<line number="55" hits="0" branch="false"/>
							</lines>
						</method>
						<method name="generateUniqueStr" signature="(Ljava/lang/String;)Ljava/lang/String;" line-rate="1.0" branch-rate="1.0" complexity="0">
							<lines>
								<line number="46" hits="64" branch="false"/>
							</lines>
						</method>
						<method name="generateUniqueStr" signature="(Ljava/lang/String;Ljava/lang/String;)Ljava/lang/String;" line-rate="1.0" branch-rate="1.0" complexity="0">
							<lines>
								<line number="35" hits="94" branch="false"/>
							</lines>
						</method>
					</methods>
					<lines>
						<line number="35" hits="94" branch="false"/>
						<line number="46" hits="64" branch="false"/>
						<line number="55" hits="0" branch="false"/>
						<line number="61" hits="0" branch="false"/>
						<line number="62" hits="0" branch="false"/>
					</lines>
				</class>
			</classes>
		</package>
		<package name="org.flossware.jcore.utils.collections" line-rate="0.5454545454545454" branch-rate="0.75" complexity="0.0">
			<classes>
				<class name="org.flossware.jcore.utils.collections.ArrayUtils" filename="org/flossware/jcore/utils/collections/ArrayUtils.java" line-rate="0.5454545454545454" branch-rate="0.75" complexity="0.0">
					<methods>
						<method name="&lt;init&gt;" signature="()V" line-rate="0.0" branch-rate="1.0" complexity="0">
							<lines>
								<line number="129" hits="0" branch="false"/>
								<line number="130" hits="0" branch="false"/>
							</lines>
						</method>
						<method name="ensureArray" signature="([Ljava/lang/Object;)[Ljava/lang/Object;" line-rate="0.0" branch-rate="1.0" complexity="0">
							<lines>
								<line number="103" hits="0" branch="false"/>
							</lines>
						</method>
						<method name="ensureArray" signature="([Ljava/lang/Object;I)[Ljava/lang/Object;" line-rate="0.0" branch-rate="1.0" complexity="0">
							<lines>
								<line number="72" hits="0" branch="false"/>
							</lines>
						</method>
						<method name="ensureArray" signature="([Ljava/lang/Object;ILjava/lang/String;)[Ljava/lang/Object;" line-rate="0.8333333333333334" branch-rate="0.75" complexity="0">
							<lines>
								<line number="46" hits="3" branch="false"/>
								<line number="48" hits="3" branch="true" condition-coverage="50% (1/2)">
									<conditions>
										<condition number="0" type="jump" coverage="50%"/>
									</conditions>
								</line>
								<line number="49" hits="0" branch="false"/>
								<line number="52" hits="9" branch="true" condition-coverage="100% (2/2)">
									<conditions>
										<condition number="0" type="jump" coverage="100%"/>
									</conditions>
								</line>
								<line number="53" hits="6" branch="false"/>
								<line number="56" hits="3" branch="false"/>
							</lines>
						</method>
						<method name="ensureArray" signature="([Ljava/lang/Object;Ljava/lang/String;)[Ljava/lang/Object;" line-rate="1.0" branch-rate="1.0" complexity="0">
							<lines>
								<line number="88" hits="3" branch="false"/>
							</lines>
						</method>
					</methods>
					<lines>
						<line number="46" hits="3" branch="false"/>
						<line number="48" hits="3" branch="true" condition-coverage="50% (1/2)">
							<conditions>
								<condition number="0" type="jump" coverage="50%"/>
							</conditions>
						</line>
						<line number="49" hits="0" branch="false"/>
						<line number="52" hits="9" branch="true" condition-coverage="100% (2/2)">
							<conditions>
								<condition number="0" type="jump" coverage="100%"/>
							</conditions>
						</line>
						<line number="53" hits="6" branch="false"/>
						<line number="56" hits="3" branch="false"/>
						<line number="72" hits="0" branch="false"/>
						<line number="88" hits="3" branch="false"/>
						<line number="103" hits="0" branch="false"/>
						<line number="129" hits="0" branch="false"/>
						<line number="130" hits="0" branch="false"/>
					</lines>
				</class>
			</classes>
		</package>
		<package name="org.solenopsis.keraiai" line-rate="1.0" branch-rate="1.0" complexity="1.0">
			<classes>
				<class name="org.solenopsis.keraiai.Credentials" filename="org/solenopsis/keraiai/Credentials.java" line-rate="1.0" branch-rate="1.0" complexity="1.0">
					<methods>
					</methods>
					<lines>
					</lines>
				</class>
				<class name="org.solenopsis.keraiai.LoginContext" filename="org/solenopsis/keraiai/LoginContext.java" line-rate="1.0" branch-rate="1.0" complexity="1.0">
					<methods>
					</methods>
					<lines>
					</lines>
				</class>
			</classes>
		</package>
		<package name="org.solenopsis.keraiai.credentials" line-rate="0.2903225806451613" branch-rate="0.7777777777777778" complexity="1.32">
			<classes>
				<class name="org.solenopsis.keraiai.credentials.AbstractCredentials" filename="org/solenopsis/keraiai/credentials/AbstractCredentials.java" line-rate="1.0" branch-rate="0.7777777777777778" complexity="2.3333333333333335">
					<methods>
						<method name="&lt;init&gt;" signature="()V" line-rate="1.0" branch-rate="1.0" complexity="0">
							<lines>
								<line number="49" hits="8" branch="false"/>
								<line number="50" hits="8" branch="false"/>
							</lines>
						</method>
						<method name="equals" signature="(Ljava/lang/Object;)Z" line-rate="1.0" branch-rate="1.0" complexity="0">
							<lines>
								<line number="57" hits="6" branch="true" condition-coverage="100% (4/4)">
									<conditions>
										<condition number="0" type="jump" coverage="100%"/>
										<condition number="1" type="jump" coverage="100%"/>
									</conditions>
								</line>
							</lines>
						</method>
						<method name="equalsCredentials" signature="(Lorg/solenopsis/keraiai/Credentials;)Z" line-rate="1.0" branch-rate="0.7142857142857143" complexity="0">
							<lines>
								<line number="37" hits="9" branch="true" condition-coverage="71% (10/14)">
									<conditions>
										<condition number="0" type="jump" coverage="100%"/>
										<condition number="1" type="jump" coverage="100%"/>
										<condition number="2" type="jump" coverage="50%"/>
										<condition number="3" type="jump" coverage="50%"/>
										<condition number="4" type="jump" coverage="50%"/>
										<condition number="5" type="jump" coverage="50%"/>
										<condition number="6" type="jump" coverage="100%"/>
									</conditions>
								</line>
							</lines>
						</method>
						<method name="getSecurityPassword" signature="()Ljava/lang/String;" line-rate="1.0" branch-rate="1.0" complexity="0">
							<lines>
								<line number="77" hits="1" branch="false"/>
							</lines>
						</method>
						<method name="hashCode" signature="()I" line-rate="1.0" branch-rate="1.0" complexity="0">
							<lines>
								<line number="65" hits="11" branch="false"/>
							</lines>
						</method>
						<method name="toStringBuilder" signature="(Ljava/lang/StringBuilder;Ljava/lang/String;)Ljava/lang/StringBuilder;" line-rate="1.0" branch-rate="1.0" complexity="0">
							<lines>
								<line number="85" hits="1" branch="false"/>
								<line number="86" hits="1" branch="false"/>
								<line number="87" hits="1" branch="false"/>
								<line number="88" hits="1" branch="false"/>
								<line number="89" hits="1" branch="false"/>
								<line number="90" hits="1" branch="false"/>
								<line number="92" hits="1" branch="false"/>
							</lines>
						</method>
					</methods>
					<lines>
						<line number="37" hits="9" branch="true" condition-coverage="71% (10/14)">
							<conditions>
								<condition number="0" type="jump" coverage="100%"/>
								<condition number="1" type="jump" coverage="100%"/>
								<condition number="2" type="jump" coverage="50%"/>
								<condition number="3" type="jump" coverage="50%"/>
								<condition number="4" type="jump" coverage="50%"/>
								<condition number="5" type="jump" coverage="50%"/>
								<condition number="6" type="jump" coverage="100%"/>
							</conditions>
						</line>
						<line number="49" hits="8" branch="false"/>
						<line number="50" hits="8" branch="false"/>
						<line number="57" hits="6" branch="true" condition-coverage="100% (4/4)">
							<conditions>
								<condition number="0" type="jump" coverage="100%"/>
								<condition number="1" type="jump" coverage="100%"/>
							</conditions>
						</line>
						<line number="65" hits="11" branch="false"/>
						<line number="77" hits="1" branch="false"/>
						<line number="85" hits="1" branch="false"/>
						<line number="86" hits="1" branch="false"/>
						<line number="87" hits="1" branch="false"/>
						<line number="88" hits="1" branch="false"/>
						<line number="89" hits="1" branch="false"/>
						<line number="90" hits="1" branch="false"/>
						<line number="92" hits="1" branch="false"/>
					</lines>
				</class>
				<class name="org.solenopsis.keraiai.credentials.CredentialsUtils" filename="org/solenopsis/keraiai/credentials/CredentialsUtils.java" line-rate="0.3333333333333333" branch-rate="1.0" complexity="1.0">
					<methods>
						<method name="&lt;init&gt;" signature="()V" line-rate="0.0" branch-rate="1.0" complexity="0">
							<lines>
								<line number="38" hits="0" branch="false"/>
								<line number="39" hits="0" branch="false"/>
							</lines>
						</method>
						<method name="computeSecurityPassword" signature="(Ljava/lang/String;Ljava/lang/String;)Ljava/lang/String;" line-rate="1.0" branch-rate="1.0" complexity="0">
							<lines>
								<line number="50" hits="15" branch="false"/>
								<line number="51" hits="9" branch="false"/>
								<line number="53" hits="3" branch="false"/>
							</lines>
						</method>
						<method name="computeSecurityPassword" signature="(Lorg/solenopsis/keraiai/Credentials;)Ljava/lang/String;" line-rate="1.0" branch-rate="1.0" complexity="0">
							<lines>
								<line number="64" hits="9" branch="false"/>
								<line number="66" hits="8" branch="false"/>
							</lines>
						</method>
						<method name="ensureCredentials" signature="(Lorg/solenopsis/keraiai/Credentials;)Lorg/solenopsis/keraiai/Credentials;" line-rate="0.0" branch-rate="1.0" complexity="0">
							<lines>
								<line number="101" hits="0" branch="false"/>
							</lines>
						</method>
						<method name="ensureCredentials" signature="(Lorg/solenopsis/keraiai/Credentials;Ljava/lang/String;)Lorg/solenopsis/keraiai/Credentials;" line-rate="0.0" branch-rate="1.0" complexity="0">
							<lines>
								<line number="80" hits="0" branch="false"/>
								<line number="82" hits="0" branch="false"/>
								<line number="83" hits="0" branch="false"/>
								<line number="84" hits="0" branch="false"/>
								<line number="85" hits="0" branch="false"/>
								<line number="86" hits="0" branch="false"/>
								<line number="88" hits="0" branch="false"/>
							</lines>
						</method>
					</methods>
					<lines>
						<line number="38" hits="0" branch="false"/>
						<line number="39" hits="0" branch="false"/>
						<line number="50" hits="15" branch="false"/>
						<line number="51" hits="9" branch="false"/>
						<line number="53" hits="3" branch="false"/>
						<line number="64" hits="9" branch="false"/>
						<line number="66" hits="8" branch="false"/>
						<line number="80" hits="0" branch="false"/>
						<line number="82" hits="0" branch="false"/>
						<line number="83" hits="0" branch="false"/>
						<line number="84" hits="0" branch="false"/>
						<line number="85" hits="0" branch="false"/>
						<line number="86" hits="0" branch="false"/>
						<line number="88" hits="0" branch="false"/>
						<line number="101" hits="0" branch="false"/>
					</lines>
				</class>
				<class name="org.solenopsis.keraiai.credentials.FilePropertiesCredentials" filename="org/solenopsis/keraiai/credentials/FilePropertiesCredentials.java" line-rate="0.0" branch-rate="1.0" complexity="1.0">
					<methods>
						<method name="&lt;init&gt;" signature="(Ljava/io/File;)V" line-rate="0.0" branch-rate="1.0" complexity="0">
							<lines>
								<line number="50" hits="0" branch="false"/>
								<line number="51" hits="0" branch="false"/>
							</lines>
						</method>
						<method name="&lt;init&gt;" signature="(Ljava/io/File;Ljava/lang/String;Ljava/lang/String;Ljava/lang/String;Ljava/lang/String;Ljava/lang/String;)V" line-rate="0.0" branch-rate="1.0" complexity="0">
							<lines>
								<line number="41" hits="0" branch="false"/>
								<line number="42" hits="0" branch="false"/>
							</lines>
						</method>
					</methods>
					<lines>
						<line number="41" hits="0" branch="false"/>
						<line number="42" hits="0" branch="false"/>
						<line number="50" hits="0" branch="false"/>
						<line number="51" hits="0" branch="false"/>
					</lines>
				</class>
				<class name="org.solenopsis.keraiai.credentials.InputStreamPropertiesCredentials" filename="org/solenopsis/keraiai/credentials/InputStreamPropertiesCredentials.java" line-rate="0.0" branch-rate="1.0" complexity="1.0">
					<methods>
						<method name="&lt;init&gt;" signature="(Ljava/io/InputStream;)V" line-rate="0.0" branch-rate="1.0" complexity="0">
							<lines>
								<line number="50" hits="0" branch="false"/>
								<line number="51" hits="0" branch="false"/>
							</lines>
						</method>
						<method name="&lt;init&gt;" signature="(Ljava/io/InputStream;Ljava/lang/String;Ljava/lang/String;Ljava/lang/String;Ljava/lang/String;Ljava/lang/String;)V" line-rate="0.0" branch-rate="1.0" complexity="0">
							<lines>
								<line number="41" hits="0" branch="false"/>
								<line number="42" hits="0" branch="false"/>
							</lines>
						</method>
					</methods>
					<lines>
						<line number="41" hits="0" branch="false"/>
						<line number="42" hits="0" branch="false"/>
						<line number="50" hits="0" branch="false"/>
						<line number="51" hits="0" branch="false"/>
					</lines>
				</class>
				<class name="org.solenopsis.keraiai.credentials.PropertiesCredentials" filename="org/solenopsis/keraiai/credentials/PropertiesCredentials.java" line-rate="0.0" branch-rate="1.0" complexity="1.0">
					<methods>
						<method name="&lt;init&gt;" signature="(Ljava/util/Properties;)V" line-rate="0.0" branch-rate="1.0" complexity="0">
							<lines>
								<line number="55" hits="0" branch="false"/>
								<line number="63" hits="0" branch="false"/>
							</lines>
						</method>
						<method name="&lt;init&gt;" signature="(Ljava/util/Properties;Ljava/lang/String;Ljava/lang/String;Ljava/lang/String;Ljava/lang/String;Ljava/lang/String;)V" line-rate="0.0" branch-rate="1.0" complexity="0">
							<lines>
								<line number="40" hits="0" branch="false"/>
								<line number="47" hits="0" branch="false"/>
							</lines>
						</method>
					</methods>
					<lines>
						<line number="40" hits="0" branch="false"/>
						<line number="47" hits="0" branch="false"/>
						<line number="55" hits="0" branch="false"/>
						<line number="63" hits="0" branch="false"/>
					</lines>
				</class>
				<class name="org.solenopsis.keraiai.credentials.PropertiesCredentialsEnum" filename="org/solenopsis/keraiai/credentials/PropertiesCredentialsEnum.java" line-rate="0.0" branch-rate="1.0" complexity="1.0">
					<methods>
						<method name="&lt;clinit&gt;" signature="()V" line-rate="0.0" branch-rate="1.0" complexity="0">
							<lines>
								<line number="24" hits="0" branch="false"/>
								<line number="25" hits="0" branch="false"/>
								<line number="26" hits="0" branch="false"/>
								<line number="27" hits="0" branch="false"/>
								<line number="28" hits="0" branch="false"/>
								<line number="29" hits="0" branch="false"/>
							</lines>
						</method>
						<method name="&lt;init&gt;" signature="(Ljava/lang/String;ILjava/lang/String;)V" line-rate="0.0" branch-rate="1.0" complexity="0">
							<lines>
								<line number="41" hits="0" branch="false"/>
								<line number="42" hits="0" branch="false"/>
								<line number="43" hits="0" branch="false"/>
							</lines>
						</method>
						<method name="getName" signature="()Ljava/lang/String;" line-rate="0.0" branch-rate="1.0" complexity="0">
							<lines>
								<line number="51" hits="0" branch="false"/>
							</lines>
						</method>
						<method name="valueOf" signature="(Ljava/lang/String;)Lorg/solenopsis/keraiai/credentials/PropertiesCredentialsEnum;" line-rate="1.0" branch-rate="1.0" complexity="0">
							<lines>
							</lines>
						</method>
						<method name="values" signature="()[Lorg/solenopsis/keraiai/credentials/PropertiesCredentialsEnum;" line-rate="1.0" branch-rate="1.0" complexity="0">
							<lines>
							</lines>
						</method>
					</methods>
					<lines>
						<line number="24" hits="0" branch="false"/>
						<line number="25" hits="0" branch="false"/>
						<line number="26" hits="0" branch="false"/>
						<line number="27" hits="0" branch="false"/>
						<line number="28" hits="0" branch="false"/>
						<line number="29" hits="0" branch="false"/>
						<line number="41" hits="0" branch="false"/>
						<line number="42" hits="0" branch="false"/>
						<line number="43" hits="0" branch="false"/>
						<line number="51" hits="0" branch="false"/>
					</lines>
				</class>
				<class name="org.solenopsis.keraiai.credentials.StringCredentials" filename="org/solenopsis/keraiai/credentials/StringCredentials.java" line-rate="0.0" branch-rate="1.0" complexity="1.0">
					<methods>
						<method name="&lt;init&gt;" signature="(Ljava/lang/String;Ljava/lang/String;Ljava/lang/String;Ljava/lang/String;Ljava/lang/String;)V" line-rate="0.0" branch-rate="1.0" complexity="0">
							<lines>
								<line number="64" hits="0" branch="false"/>
								<line number="65" hits="0" branch="false"/>
								<line number="66" hits="0" branch="false"/>
								<line number="67" hits="0" branch="false"/>
								<line number="68" hits="0" branch="false"/>
								<line number="69" hits="0" branch="false"/>
								<line number="70" hits="0" branch="false"/>
							</lines>
						</method>
						<method name="getApiVersion" signature="()Ljava/lang/String;" line-rate="0.0" branch-rate="1.0" complexity="0">
							<lines>
								<line number="109" hits="0" branch="false"/>
							</lines>
						</method>
						<method name="getPassword" signature="()Ljava/lang/String;" line-rate="0.0" branch-rate="1.0" complexity="0">
							<lines>
								<line number="93" hits="0" branch="false"/>
							</lines>
						</method>
						<method name="getToken" signature="()Ljava/lang/String;" line-rate="0.0" branch-rate="1.0" complexity="0">
							<lines>
								<line number="101" hits="0" branch="false"/>
							</lines>
						</method>
						<method name="getUrl" signature="()Ljava/lang/String;" line-rate="0.0" branch-rate="1.0" complexity="0">
							<lines>
								<line number="77" hits="0" branch="false"/>
							</lines>
						</method>
						<method name="getUserName" signature="()Ljava/lang/String;" line-rate="0.0" branch-rate="1.0" complexity="0">
							<lines>
								<line number="85" hits="0" branch="false"/>
							</lines>
						</method>
					</methods>
					<lines>
						<line number="64" hits="0" branch="false"/>
						<line number="65" hits="0" branch="false"/>
						<line number="66" hits="0" branch="false"/>
						<line number="67" hits="0" branch="false"/>
						<line number="68" hits="0" branch="false"/>
						<line number="69" hits="0" branch="false"/>
						<line number="70" hits="0" branch="false"/>
						<line number="77" hits="0" branch="false"/>
						<line number="85" hits="0" branch="false"/>
						<line number="93" hits="0" branch="false"/>
						<line number="101" hits="0" branch="false"/>
						<line number="109" hits="0" branch="false"/>
					</lines>
				</class>
			</classes>
		</package>
		<package name="org.solenopsis.keraiai.soap" line-rate="1.0" branch-rate="1.0" complexity="1.0">
			<classes>
				<class name="org.solenopsis.keraiai.soap.ApiWebService" filename="org/solenopsis/keraiai/soap/ApiWebService.java" line-rate="1.0" branch-rate="1.0" complexity="1.0">
					<methods>
					</methods>
					<lines>
					</lines>
				</class>
				<class name="org.solenopsis.keraiai.soap.LoginWebService" filename="org/solenopsis/keraiai/soap/LoginWebService.java" line-rate="1.0" branch-rate="1.0" complexity="1.0">
					<methods>
					</methods>
					<lines>
					</lines>
				</class>
				<class name="org.solenopsis.keraiai.soap.SessionUrlFactory" filename="org/solenopsis/keraiai/soap/SessionUrlFactory.java" line-rate="1.0" branch-rate="1.0" complexity="1.0">
					<methods>
					</methods>
					<lines>
					</lines>
				</class>
				<class name="org.solenopsis.keraiai.soap.WebServiceType" filename="org/solenopsis/keraiai/soap/WebServiceType.java" line-rate="1.0" branch-rate="1.0" complexity="1.0">
					<methods>
					</methods>
					<lines>
					</lines>
				</class>
			</classes>
		</package>
		<package name="org.solenopsis.keraiai.soap.exception" line-rate="0.0" branch-rate="0.0" complexity="1.6666666666666667">
			<classes>
				<class name="org.solenopsis.keraiai.soap.exception.ExceptionContext" filename="org/solenopsis/keraiai/soap/exception/ExceptionContext.java" line-rate="0.0" branch-rate="0.0" complexity="1.6666666666666667">
					<methods>
						<method name="&lt;init&gt;" signature="()V" line-rate="0.0" branch-rate="0.0" complexity="0">
							<lines>
								<line number="46" hits="0" branch="false"/>
								<line number="47" hits="0" branch="false"/>
								<line number="51" hits="0" branch="true" condition-coverage="0% (0/2)">
									<conditions>
										<condition number="0" type="jump" coverage="0%"/>
									</conditions>
								</line>
								<line number="52" hits="0" branch="false"/>
								<line number="54" hits="0" branch="false"/>
							</lines>
						</method>
						<method name="computeTotals" signature="()Ljava/lang/String;" line-rate="0.0" branch-rate="1.0" complexity="0">
							<lines>
								<line number="109" hits="0" branch="false"/>
							</lines>
						</method>
						<method name="computeTotals" signature="(Z)Ljava/lang/String;" line-rate="0.0" branch-rate="0.0" complexity="0">
							<lines>
								<line number="88" hits="0" branch="false"/>
								<line number="90" hits="0" branch="true" condition-coverage="0% (0/2)">
									<conditions>
										<condition number="0" type="jump" coverage="0%"/>
									</conditions>
								</line>
								<line number="91" hits="0" branch="false"/>
								<line number="93" hits="0" branch="true" condition-coverage="0% (0/4)">
									<conditions>
										<condition number="0" type="jump" coverage="0%"/>
										<condition number="1" type="jump" coverage="0%"/>
									</conditions>
								</line>
								<line number="94" hits="0" branch="false"/>
								<line number="97" hits="0" branch="false"/>
								<line number="100" hits="0" branch="false"/>
							</lines>
						</method>
						<method name="getTotalMap" signature="()Ljava/util/Map;" line-rate="0.0" branch-rate="1.0" complexity="0">
							<lines>
								<line number="40" hits="0" branch="false"/>
							</lines>
						</method>
						<method name="incrementFailureCount" signature="(Ljava/lang/Throwable;)Lorg/solenopsis/keraiai/soap/exception/SalesforceExceptionEnum;" line-rate="0.0" branch-rate="1.0" complexity="0">
							<lines>
								<line number="77" hits="0" branch="false"/>
							</lines>
						</method>
						<method name="incrementFailureCount" signature="(Lorg/solenopsis/keraiai/soap/exception/SalesforceExceptionEnum;)Lorg/solenopsis/keraiai/soap/exception/SalesforceExceptionEnum;" line-rate="0.0" branch-rate="1.0" complexity="0">
							<lines>
								<line number="64" hits="0" branch="false"/>
								<line number="66" hits="0" branch="false"/>
							</lines>
						</method>
					</methods>
					<lines>
						<line number="40" hits="0" branch="false"/>
						<line number="46" hits="0" branch="false"/>
						<line number="47" hits="0" branch="false"/>
						<line number="51" hits="0" branch="true" condition-coverage="0% (0/2)">
							<conditions>
								<condition number="0" type="jump" coverage="0%"/>
							</conditions>
						</line>
						<line number="52" hits="0" branch="false"/>
						<line number="54" hits="0" branch="false"/>
						<line number="64" hits="0" branch="false"/>
						<line number="66" hits="0" branch="false"/>
						<line number="77" hits="0" branch="false"/>
						<line number="88" hits="0" branch="false"/>
						<line number="90" hits="0" branch="true" condition-coverage="0% (0/2)">
							<conditions>
								<condition number="0" type="jump" coverage="0%"/>
							</conditions>
						</line>
						<line number="91" hits="0" branch="false"/>
						<line number="93" hits="0" branch="true" condition-coverage="0% (0/4)">
							<conditions>
								<condition number="0" type="jump" coverage="0%"/>
								<condition number="1" type="jump" coverage="0%"/>
							</conditions>
						</line>
						<line number="94" hits="0" branch="false"/>
						<line number="97" hits="0" branch="false"/>
						<line number="100" hits="0" branch="false"/>
						<line number="109" hits="0" branch="false"/>
					</lines>
				</class>
				<class name="org.solenopsis.keraiai.soap.exception.SalesforceExceptionEnum" filename="org/solenopsis/keraiai/soap/exception/SalesforceExceptionEnum.java" line-rate="0.0" branch-rate="0.0" complexity="1.6666666666666667">
					<methods>
						<method name="&lt;clinit&gt;" signature="()V" line-rate="0.0" branch-rate="1.0" complexity="0">
							<lines>
								<line number="31" hits="0" branch="false"/>
								<line number="32" hits="0" branch="false"/>
								<line number="33" hits="0" branch="false"/>
								<line number="34" hits="0" branch="false"/>
								<line number="35" hits="0" branch="false"/>
								<line number="36" hits="0" branch="false"/>
								<line number="37" hits="0" branch="false"/>
								<line number="42" hits="0" branch="false"/>
							</lines>
						</method>
						<method name="&lt;init&gt;" signature="(Ljava/lang/String;ILorg/flossware/jcore/exception/ExceptionProcessor;Ljava/lang/String;)V" line-rate="0.0" branch-rate="1.0" complexity="0">
							<lines>
								<line number="60" hits="0" branch="false"/>
								<line number="61" hits="0" branch="false"/>
								<line number="62" hits="0" branch="false"/>
								<line number="63" hits="0" branch="false"/>
							</lines>
						</method>
						<method name="computeType" signature="(Ljava/lang/Throwable;)Lorg/solenopsis/keraiai/soap/exception/SalesforceExceptionEnum;" line-rate="0.0" branch-rate="0.0" complexity="0">
							<lines>
								<line number="87" hits="0" branch="true" condition-coverage="0% (0/2)">
									<conditions>
										<condition number="0" type="jump" coverage="0%"/>
									</conditions>
								</line>
								<line number="88" hits="0" branch="true" condition-coverage="0% (0/2)">
									<conditions>
										<condition number="0" type="jump" coverage="0%"/>
									</conditions>
								</line>
								<line number="89" hits="0" branch="false"/>
								<line number="93" hits="0" branch="false"/>
							</lines>
						</method>
						<method name="getExceptionProcessor" signature="()Lorg/flossware/jcore/exception/ExceptionProcessor;" line-rate="0.0" branch-rate="1.0" complexity="0">
							<lines>
								<line number="76" hits="0" branch="false"/>
							</lines>
						</method>
						<method name="getHumanReadbleString" signature="()Ljava/lang/String;" line-rate="0.0" branch-rate="1.0" complexity="0">
							<lines>
								<line number="146" hits="0" branch="false"/>
							</lines>
						</method>
						<method name="getLogger" signature="()Ljava/util/logging/Logger;" line-rate="0.0" branch-rate="1.0" complexity="0">
							<lines>
								<line number="69" hits="0" branch="false"/>
							</lines>
						</method>
						<method name="isReloginException" signature="(Ljava/lang/Throwable;)Z" line-rate="0.0" branch-rate="1.0" complexity="0">
							<lines>
								<line number="115" hits="0" branch="false"/>
							</lines>
						</method>
						<method name="isReloginException" signature="(Lorg/solenopsis/keraiai/soap/exception/SalesforceExceptionEnum;)Z" line-rate="0.0" branch-rate="0.0" complexity="0">
							<lines>
								<line number="104" hits="0" branch="true" condition-coverage="0% (0/4)">
									<conditions>
										<condition number="0" type="jump" coverage="0%"/>
										<condition number="1" type="jump" coverage="0%"/>
									</conditions>
								</line>
							</lines>
						</method>
						<method name="isRetryException" signature="(Ljava/lang/Throwable;)Z" line-rate="0.0" branch-rate="1.0" complexity="0">
							<lines>
								<line number="137" hits="0" branch="false"/>
							</lines>
						</method>
						<method name="isRetryException" signature="(Lorg/solenopsis/keraiai/soap/exception/SalesforceExceptionEnum;)Z" line-rate="0.0" branch-rate="0.0" complexity="0">
							<lines>
								<line number="126" hits="0" branch="true" condition-coverage="0% (0/6)">
									<conditions>
										<condition number="0" type="jump" coverage="0%"/>
										<condition number="1" type="jump" coverage="0%"/>
										<condition number="2" type="jump" coverage="0%"/>
									</conditions>
								</line>
							</lines>
						</method>
						<method name="valueOf" signature="(Ljava/lang/String;)Lorg/solenopsis/keraiai/soap/exception/SalesforceExceptionEnum;" line-rate="1.0" branch-rate="1.0" complexity="0">
							<lines>
							</lines>
						</method>
						<method name="values" signature="()[Lorg/solenopsis/keraiai/soap/exception/SalesforceExceptionEnum;" line-rate="1.0" branch-rate="1.0" complexity="0">
							<lines>
							</lines>
						</method>
					</methods>
					<lines>
						<line number="31" hits="0" branch="false"/>
						<line number="32" hits="0" branch="false"/>
						<line number="33" hits="0" branch="false"/>
						<line number="34" hits="0" branch="false"/>
						<line number="35" hits="0" branch="false"/>
						<line number="36" hits="0" branch="false"/>
						<line number="37" hits="0" branch="false"/>
						<line number="42" hits="0" branch="false"/>
						<line number="60" hits="0" branch="false"/>
						<line number="61" hits="0" branch="false"/>
						<line number="62" hits="0" branch="false"/>
						<line number="63" hits="0" branch="false"/>
						<line number="69" hits="0" branch="false"/>
						<line number="76" hits="0" branch="false"/>
						<line number="87" hits="0" branch="true" condition-coverage="0% (0/2)">
							<conditions>
								<condition number="0" type="jump" coverage="0%"/>
							</conditions>
						</line>
						<line number="88" hits="0" branch="true" condition-coverage="0% (0/2)">
							<conditions>
								<condition number="0" type="jump" coverage="0%"/>
							</conditions>
						</line>
						<line number="89" hits="0" branch="false"/>
						<line number="93" hits="0" branch="false"/>
						<line number="104" hits="0" branch="true" condition-coverage="0% (0/4)">
							<conditions>
								<condition number="0" type="jump" coverage="0%"/>
								<condition number="1" type="jump" coverage="0%"/>
							</conditions>
						</line>
						<line number="115" hits="0" branch="false"/>
						<line number="126" hits="0" branch="true" condition-coverage="0% (0/6)">
							<conditions>
								<condition number="0" type="jump" coverage="0%"/>
								<condition number="1" type="jump" coverage="0%"/>
								<condition number="2" type="jump" coverage="0%"/>
							</conditions>
						</line>
						<line number="137" hits="0" branch="false"/>
						<line number="146" hits="0" branch="false"/>
					</lines>
				</class>
			</classes>
		</package>
		<package name="org.solenopsis.keraiai.soap.login" line-rate="0.0" branch-rate="1.0" complexity="1.4545454545454546">
			<classes>
				<class name="org.solenopsis.keraiai.soap.login.DefaultLoginContext" filename="org/solenopsis/keraiai/soap/login/DefaultLoginContext.java" line-rate="0.0" branch-rate="1.0" complexity="1.0">
					<methods>
						<method name="&lt;init&gt;" signature="(Ljava/lang/String;ZZLjava/lang/String;Ljava/lang/String;Ljava/lang/String;Lorg/solenopsis/keraiai/Credentials;)V" line-rate="0.0" branch-rate="1.0" complexity="0">
							<lines>
								<line number="46" hits="0" branch="false"/>
								<line number="47" hits="0" branch="false"/>
								<line number="48" hits="0" branch="false"/>
								<line number="49" hits="0" branch="false"/>
								<line number="50" hits="0" branch="false"/>
								<line number="51" hits="0" branch="false"/>
								<line number="52" hits="0" branch="false"/>
								<line number="53" hits="0" branch="false"/>
								<line number="54" hits="0" branch="false"/>
								<line number="55" hits="0" branch="false"/>
							</lines>
						</method>
						<method name="&lt;init&gt;" signature="(Lorg/solenopsis/keraiai/wsdl/enterprise/LoginResult;Lorg/solenopsis/keraiai/Credentials;)V" line-rate="0.0" branch-rate="1.0" complexity="0">
							<lines>
								<line number="59" hits="0" branch="false"/>
							</lines>
						</method>
						<method name="&lt;init&gt;" signature="(Lorg/solenopsis/keraiai/wsdl/partner/LoginResult;Lorg/solenopsis/keraiai/Credentials;)V" line-rate="0.0" branch-rate="1.0" complexity="0">
							<lines>
								<line number="63" hits="0" branch="false"/>
							</lines>
						</method>
						<method name="&lt;init&gt;" signature="(Lorg/solenopsis/keraiai/wsdl/tooling/LoginResult;Lorg/solenopsis/keraiai/Credentials;)V" line-rate="0.0" branch-rate="1.0" complexity="0">
							<lines>
								<line number="67" hits="0" branch="false"/>
							</lines>
						</method>
						<method name="getBaseServerUrl" signature="()Ljava/lang/String;" line-rate="0.0" branch-rate="1.0" complexity="0">
							<lines>
								<line number="106" hits="0" branch="false"/>
							</lines>
						</method>
						<method name="getCredentials" signature="()Lorg/solenopsis/keraiai/Credentials;" line-rate="0.0" branch-rate="1.0" complexity="0">
							<lines>
								<line number="130" hits="0" branch="false"/>
							</lines>
						</method>
						<method name="getMetadataServerUrl" signature="()Ljava/lang/String;" line-rate="0.0" branch-rate="1.0" complexity="0">
							<lines>
								<line number="74" hits="0" branch="false"/>
							</lines>
						</method>
						<method name="getServerUrl" signature="()Ljava/lang/String;" line-rate="0.0" branch-rate="1.0" complexity="0">
							<lines>
								<line number="98" hits="0" branch="false"/>
							</lines>
						</method>
						<method name="getSessionId" signature="()Ljava/lang/String;" line-rate="0.0" branch-rate="1.0" complexity="0">
							<lines>
								<line number="114" hits="0" branch="false"/>
							</lines>
						</method>
						<method name="getUserId" signature="()Ljava/lang/String;" line-rate="0.0" branch-rate="1.0" complexity="0">
							<lines>
								<line number="122" hits="0" branch="false"/>
							</lines>
						</method>
						<method name="isPasswordExpired" signature="()Z" line-rate="0.0" branch-rate="1.0" complexity="0">
							<lines>
								<line number="82" hits="0" branch="false"/>
							</lines>
						</method>
						<method name="isSandbox" signature="()Z" line-rate="0.0" branch-rate="1.0" complexity="0">
							<lines>
								<line number="90" hits="0" branch="false"/>
							</lines>
						</method>
					</methods>
					<lines>
						<line number="46" hits="0" branch="false"/>
						<line number="47" hits="0" branch="false"/>
						<line number="48" hits="0" branch="false"/>
						<line number="49" hits="0" branch="false"/>
						<line number="50" hits="0" branch="false"/>
						<line number="51" hits="0" branch="false"/>
						<line number="52" hits="0" branch="false"/>
						<line number="53" hits="0" branch="false"/>
						<line number="54" hits="0" branch="false"/>
						<line number="55" hits="0" branch="false"/>
						<line number="59" hits="0" branch="false"/>
						<line number="63" hits="0" branch="false"/>
						<line number="67" hits="0" branch="false"/>
						<line number="74" hits="0" branch="false"/>
						<line number="82" hits="0" branch="false"/>
						<line number="90" hits="0" branch="false"/>
						<line number="98" hits="0" branch="false"/>
						<line number="106" hits="0" branch="false"/>
						<line number="114" hits="0" branch="false"/>
						<line number="122" hits="0" branch="false"/>
						<line number="130" hits="0" branch="false"/>
					</lines>
				</class>
				<class name="org.solenopsis.keraiai.soap.login.EnterpriseLoginMgr" filename="org/solenopsis/keraiai/soap/login/EnterpriseLoginMgr.java" line-rate="0.0" branch-rate="1.0" complexity="3.5">
					<methods>
						<method name="&lt;init&gt;" signature="()V" line-rate="0.0" branch-rate="1.0" complexity="0">
							<lines>
								<line number="31" hits="0" branch="false"/>
							</lines>
						</method>
						<method name="login" signature="(Ljava/lang/Object;Lorg/solenopsis/keraiai/Credentials;)Lorg/solenopsis/keraiai/LoginContext;" line-rate="0.0" branch-rate="1.0" complexity="0">
							<lines>
								<line number="37" hits="0" branch="false"/>
								<line number="38" hits="0" branch="false"/>
							</lines>
						</method>
						<method name="logout" signature="(Ljava/lang/Object;)V" line-rate="0.0" branch-rate="1.0" complexity="0">
							<lines>
								<line number="46" hits="0" branch="false"/>
								<line number="47" hits="0" branch="false"/>
								<line number="48" hits="0" branch="false"/>
								<line number="49" hits="0" branch="false"/>
							</lines>
						</method>
					</methods>
					<lines>
						<line number="31" hits="0" branch="false"/>
						<line number="37" hits="0" branch="false"/>
						<line number="38" hits="0" branch="false"/>
						<line number="46" hits="0" branch="false"/>
						<line number="47" hits="0" branch="false"/>
						<line number="48" hits="0" branch="false"/>
						<line number="49" hits="0" branch="false"/>
					</lines>
				</class>
				<class name="org.solenopsis.keraiai.soap.login.LoginException" filename="org/solenopsis/keraiai/soap/login/LoginException.java" line-rate="0.0" branch-rate="1.0" complexity="1.0">
					<methods>
						<method name="&lt;init&gt;" signature="()V" line-rate="0.0" branch-rate="1.0" complexity="0">
							<lines>
								<line number="29" hits="0" branch="false"/>
								<line number="30" hits="0" branch="false"/>
							</lines>
						</method>
						<method name="&lt;init&gt;" signature="(Ljava/lang/String;)V" line-rate="0.0" branch-rate="1.0" complexity="0">
							<lines>
								<line number="38" hits="0" branch="false"/>
								<line number="39" hits="0" branch="false"/>
							</lines>
						</method>
						<method name="&lt;init&gt;" signature="(Ljava/lang/String;Ljava/lang/Throwable;)V" line-rate="0.0" branch-rate="1.0" complexity="0">
							<lines>
								<line number="48" hits="0" branch="false"/>
								<line number="49" hits="0" branch="false"/>
							</lines>
						</method>
						<method name="&lt;init&gt;" signature="(Ljava/lang/Throwable;)V" line-rate="0.0" branch-rate="1.0" complexity="0">
							<lines>
								<line number="57" hits="0" branch="false"/>
								<line number="58" hits="0" branch="false"/>
							</lines>
						</method>
					</methods>
					<lines>
						<line number="29" hits="0" branch="false"/>
						<line number="30" hits="0" branch="false"/>
						<line number="38" hits="0" branch="false"/>
						<line number="39" hits="0" branch="false"/>
						<line number="48" hits="0" branch="false"/>
						<line number="49" hits="0" branch="false"/>
						<line number="57" hits="0" branch="false"/>
						<line number="58" hits="0" branch="false"/>
					</lines>
				</class>
				<class name="org.solenopsis.keraiai.soap.login.LoginMgr" filename="org/solenopsis/keraiai/soap/login/LoginMgr.java" line-rate="1.0" branch-rate="1.0" complexity="1.0">
					<methods>
					</methods>
					<lines>
					</lines>
				</class>
				<class name="org.solenopsis.keraiai.soap.login.LoginWebServiceEnum" filename="org/solenopsis/keraiai/soap/login/LoginWebServiceEnum.java" line-rate="0.0" branch-rate="1.0" complexity="1.0">
					<methods>
						<method name="&lt;clinit&gt;" signature="()V" line-rate="0.0" branch-rate="1.0" complexity="0">
							<lines>
								<line number="33" hits="0" branch="false"/>
								<line number="34" hits="0" branch="false"/>
								<line number="35" hits="0" branch="false"/>
								<line number="36" hits="0" branch="false"/>
							</lines>
						</method>
						<method name="&lt;init&gt;" signature="(Ljava/lang/String;ILorg/solenopsis/keraiai/soap/ApiWebService;Lorg/solenopsis/keraiai/soap/login/LoginMgr;)V" line-rate="0.0" branch-rate="1.0" complexity="0">
							<lines>
								<line number="58" hits="0" branch="false"/>
								<line number="59" hits="0" branch="false"/>
								<line number="60" hits="0" branch="false"/>
								<line number="61" hits="0" branch="false"/>
							</lines>
						</method>
						<method name="getApiWebService" signature="()Lorg/solenopsis/keraiai/soap/ApiWebService;" line-rate="0.0" branch-rate="1.0" complexity="0">
							<lines>
								<line number="68" hits="0" branch="false"/>
							</lines>
						</method>
						<method name="getLoginMgr" signature="()Lorg/solenopsis/keraiai/soap/login/LoginMgr;" line-rate="0.0" branch-rate="1.0" complexity="0">
							<lines>
								<line number="49" hits="0" branch="false"/>
							</lines>
						</method>
						<method name="login" signature="(Lorg/solenopsis/keraiai/Credentials;)Lorg/solenopsis/keraiai/LoginContext;" line-rate="0.0" branch-rate="1.0" complexity="0">
							<lines>
								<line number="76" hits="0" branch="false"/>
							</lines>
						</method>
						<method name="logout" signature="(Lorg/solenopsis/keraiai/LoginContext;)V" line-rate="0.0" branch-rate="1.0" complexity="0">
							<lines>
								<line number="84" hits="0" branch="false"/>
								<line number="85" hits="0" branch="false"/>
							</lines>
						</method>
						<method name="valueOf" signature="(Ljava/lang/String;)Lorg/solenopsis/keraiai/soap/login/LoginWebServiceEnum;" line-rate="1.0" branch-rate="1.0" complexity="0">
							<lines>
							</lines>
						</method>
						<method name="values" signature="()[Lorg/solenopsis/keraiai/soap/login/LoginWebServiceEnum;" line-rate="1.0" branch-rate="1.0" complexity="0">
							<lines>
							</lines>
						</method>
					</methods>
					<lines>
						<line number="33" hits="0" branch="false"/>
						<line number="34" hits="0" branch="false"/>
						<line number="35" hits="0" branch="false"/>
						<line number="36" hits="0" branch="false"/>
						<line number="49" hits="0" branch="false"/>
						<line number="58" hits="0" branch="false"/>
						<line number="59" hits="0" branch="false"/>
						<line number="60" hits="0" branch="false"/>
						<line number="61" hits="0" branch="false"/>
						<line number="68" hits="0" branch="false"/>
						<line number="76" hits="0" branch="false"/>
						<line number="84" hits="0" branch="false"/>
						<line number="85" hits="0" branch="false"/>
					</lines>
				</class>
				<class name="org.solenopsis.keraiai.soap.login.LogoutException" filename="org/solenopsis/keraiai/soap/login/LogoutException.java" line-rate="0.0" branch-rate="1.0" complexity="1.0">
					<methods>
						<method name="&lt;init&gt;" signature="()V" line-rate="0.0" branch-rate="1.0" complexity="0">
							<lines>
								<line number="29" hits="0" branch="false"/>
								<line number="30" hits="0" branch="false"/>
							</lines>
						</method>
						<method name="&lt;init&gt;" signature="(Ljava/lang/String;)V" line-rate="0.0" branch-rate="1.0" complexity="0">
							<lines>
								<line number="38" hits="0" branch="false"/>
								<line number="39" hits="0" branch="false"/>
							</lines>
						</method>
						<method name="&lt;init&gt;" signature="(Ljava/lang/String;Ljava/lang/Throwable;)V" line-rate="0.0" branch-rate="1.0" complexity="0">
							<lines>
								<line number="48" hits="0" branch="false"/>
								<line number="49" hits="0" branch="false"/>
							</lines>
						</method>
						<method name="&lt;init&gt;" signature="(Ljava/lang/Throwable;)V" line-rate="0.0" branch-rate="1.0" complexity="0">
							<lines>
								<line number="57" hits="0" branch="false"/>
								<line number="58" hits="0" branch="false"/>
							</lines>
						</method>
					</methods>
					<lines>
						<line number="29" hits="0" branch="false"/>
						<line number="30" hits="0" branch="false"/>
						<line number="38" hits="0" branch="false"/>
						<line number="39" hits="0" branch="false"/>
						<line number="48" hits="0" branch="false"/>
						<line number="49" hits="0" branch="false"/>
						<line number="57" hits="0" branch="false"/>
						<line number="58" hits="0" branch="false"/>
					</lines>
				</class>
				<class name="org.solenopsis.keraiai.soap.login.PartnerLoginMgr" filename="org/solenopsis/keraiai/soap/login/PartnerLoginMgr.java" line-rate="0.0" branch-rate="1.0" complexity="3.5">
					<methods>
						<method name="&lt;init&gt;" signature="()V" line-rate="0.0" branch-rate="1.0" complexity="0">
							<lines>
								<line number="28" hits="0" branch="false"/>
							</lines>
						</method>
						<method name="login" signature="(Ljava/lang/Object;Lorg/solenopsis/keraiai/Credentials;)Lorg/solenopsis/keraiai/LoginContext;" line-rate="0.0" branch-rate="1.0" complexity="0">
							<lines>
								<line number="33" hits="0" branch="false"/>
								<line number="34" hits="0" branch="false"/>
							</lines>
						</method>
						<method name="logout" signature="(Ljava/lang/Object;)V" line-rate="0.0" branch-rate="1.0" complexity="0">
							<lines>
								<line number="42" hits="0" branch="false"/>
								<line number="43" hits="0" branch="false"/>
								<line number="44" hits="0" branch="false"/>
								<line number="45" hits="0" branch="false"/>
							</lines>
						</method>
					</methods>
					<lines>
						<line number="28" hits="0" branch="false"/>
						<line number="33" hits="0" branch="false"/>
						<line number="34" hits="0" branch="false"/>
						<line number="42" hits="0" branch="false"/>
						<line number="43" hits="0" branch="false"/>
						<line number="44" hits="0" branch="false"/>
						<line number="45" hits="0" branch="false"/>
					</lines>
				</class>
				<class name="org.solenopsis.keraiai.soap.login.ToolingLoginMgr" filename="org/solenopsis/keraiai/soap/login/ToolingLoginMgr.java" line-rate="0.0" branch-rate="1.0" complexity="3.5">
					<methods>
						<method name="&lt;init&gt;" signature="()V" line-rate="0.0" branch-rate="1.0" complexity="0">
							<lines>
								<line number="28" hits="0" branch="false"/>
							</lines>
						</method>
						<method name="login" signature="(Ljava/lang/Object;Lorg/solenopsis/keraiai/Credentials;)Lorg/solenopsis/keraiai/LoginContext;" line-rate="0.0" branch-rate="1.0" complexity="0">
							<lines>
								<line number="33" hits="0" branch="false"/>
								<line number="34" hits="0" branch="false"/>
							</lines>
						</method>
						<method name="logout" signature="(Ljava/lang/Object;)V" line-rate="0.0" branch-rate="1.0" complexity="0">
							<lines>
								<line number="42" hits="0" branch="false"/>
								<line number="43" hits="0" branch="false"/>
								<line number="44" hits="0" branch="false"/>
								<line number="45" hits="0" branch="false"/>
							</lines>
						</method>
					</methods>
					<lines>
						<line number="28" hits="0" branch="false"/>
						<line number="33" hits="0" branch="false"/>
						<line number="34" hits="0" branch="false"/>
						<line number="42" hits="0" branch="false"/>
						<line number="43" hits="0" branch="false"/>
						<line number="44" hits="0" branch="false"/>
						<line number="45" hits="0" branch="false"/>
					</lines>
				</class>
			</classes>
		</package>
		<package name="org.solenopsis.keraiai.soap.port" line-rate="0.0" branch-rate="0.0" complexity="1.2">
			<classes>
				<class name="org.solenopsis.keraiai.soap.port.ApiWebServiceEnum" filename="org/solenopsis/keraiai/soap/port/ApiWebServiceEnum.java" line-rate="0.0" branch-rate="1.0" complexity="1.0">
					<methods>
						<method name="&lt;clinit&gt;" signature="()V" line-rate="0.0" branch-rate="1.0" complexity="0">
							<lines>
								<line number="37" hits="0" branch="false"/>
							</lines>
						</method>
						<method name="&lt;init&gt;" signature="(Ljava/lang/String;ILorg/solenopsis/keraiai/soap/WebServiceType;Ljavax/xml/ws/Service;Ljava/lang/Class;)V" line-rate="0.0" branch-rate="1.0" complexity="0">
							<lines>
								<line number="65" hits="0" branch="false"/>
								<line number="66" hits="0" branch="false"/>
								<line number="67" hits="0" branch="false"/>
								<line number="68" hits="0" branch="false"/>
								<line number="69" hits="0" branch="false"/>
							</lines>
						</method>
						<method name="createProxyPort" signature="(Lorg/solenopsis/keraiai/Credentials;)Ljava/lang/Object;" line-rate="0.0" branch-rate="1.0" complexity="0">
							<lines>
								<line number="100" hits="0" branch="false"/>
							</lines>
						</method>
						<method name="getPortType" signature="()Ljava/lang/Class;" line-rate="0.0" branch-rate="1.0" complexity="0">
							<lines>
								<line number="92" hits="0" branch="false"/>
							</lines>
						</method>
						<method name="getService" signature="()Ljavax/xml/ws/Service;" line-rate="0.0" branch-rate="1.0" complexity="0">
							<lines>
								<line number="84" hits="0" branch="false"/>
							</lines>
						</method>
						<method name="getWebServiceType" signature="()Lorg/solenopsis/keraiai/soap/WebServiceType;" line-rate="0.0" branch-rate="1.0" complexity="0">
							<lines>
								<line number="76" hits="0" branch="false"/>
							</lines>
						</method>
						<method name="valueOf" signature="(Ljava/lang/String;)Lorg/solenopsis/keraiai/soap/port/ApiWebServiceEnum;" line-rate="1.0" branch-rate="1.0" complexity="0">
							<lines>
							</lines>
						</method>
						<method name="values" signature="()[Lorg/solenopsis/keraiai/soap/port/ApiWebServiceEnum;" line-rate="1.0" branch-rate="1.0" complexity="0">
							<lines>
							</lines>
						</method>
					</methods>
					<lines>
						<line number="37" hits="0" branch="false"/>
						<line number="65" hits="0" branch="false"/>
						<line number="66" hits="0" branch="false"/>
						<line number="67" hits="0" branch="false"/>
						<line number="68" hits="0" branch="false"/>
						<line number="69" hits="0" branch="false"/>
						<line number="76" hits="0" branch="false"/>
						<line number="84" hits="0" branch="false"/>
						<line number="92" hits="0" branch="false"/>
						<line number="100" hits="0" branch="false"/>
					</lines>
				</class>
				<class name="org.solenopsis.keraiai.soap.port.PortInvocationHandler" filename="org/solenopsis/keraiai/soap/port/PortInvocationHandler.java" line-rate="0.0" branch-rate="0.0" complexity="1.6">
					<methods>
						<method name="&lt;clinit&gt;" signature="()V" line-rate="0.0" branch-rate="1.0" complexity="0">
							<lines>
								<line number="54" hits="0" branch="false"/>
								<line number="56" hits="0" branch="false"/>
								<line number="57" hits="0" branch="false"/>
								<line number="59" hits="0" branch="false"/>
							</lines>
						</method>
						<method name="&lt;init&gt;" signature="(Lorg/solenopsis/keraiai/Credentials;Lorg/solenopsis/keraiai/soap/LoginWebService;Lorg/solenopsis/keraiai/soap/WebServiceType;Ljavax/xml/ws/Service;Ljava/lang/Class;)V" line-rate="0.0" branch-rate="1.0" complexity="0">
							<lines>
								<line number="177" hits="0" branch="false"/>
								<line number="178" hits="0" branch="false"/>
								<line number="179" hits="0" branch="false"/>
								<line number="180" hits="0" branch="false"/>
								<line number="181" hits="0" branch="false"/>
								<line number="182" hits="0" branch="false"/>
								<line number="183" hits="0" branch="false"/>
								<line number="184" hits="0" branch="false"/>
								<line number="185" hits="0" branch="false"/>
							</lines>
						</method>
						<method name="getCredentials" signature="()Lorg/solenopsis/keraiai/Credentials;" line-rate="0.0" branch-rate="1.0" complexity="0">
							<lines>
								<line number="101" hits="0" branch="false"/>
							</lines>
						</method>
						<method name="getLoginContext" signature="()Ljava/util/concurrent/atomic/AtomicReference;" line-rate="0.0" branch-rate="1.0" complexity="0">
							<lines>
								<line number="110" hits="0" branch="false"/>
							</lines>
						</method>
						<method name="getLoginWebService" signature="()Lorg/solenopsis/keraiai/soap/LoginWebService;" line-rate="0.0" branch-rate="1.0" complexity="0">
							<lines>
								<line number="119" hits="0" branch="false"/>
							</lines>
						</method>
						<method name="getPort" signature="()Ljava/util/concurrent/atomic/AtomicReference;" line-rate="0.0" branch-rate="1.0" complexity="0">
							<lines>
								<line number="153" hits="0" branch="false"/>
							</lines>
						</method>
						<method name="getPortType" signature="()Ljava/lang/Class;" line-rate="0.0" branch-rate="1.0" complexity="0">
							<lines>
								<line number="146" hits="0" branch="false"/>
							</lines>
						</method>
						<method name="getService" signature="()Ljavax/xml/ws/Service;" line-rate="0.0" branch-rate="1.0" complexity="0">
							<lines>
								<line number="137" hits="0" branch="false"/>
							</lines>
						</method>
						<method name="getWebServiceType" signature="()Lorg/solenopsis/keraiai/soap/WebServiceType;" line-rate="0.0" branch-rate="1.0" complexity="0">
							<lines>
								<line number="128" hits="0" branch="false"/>
							</lines>
						</method>
						<method name="invoke" signature="(Ljava/lang/Object;Ljava/lang/reflect/Method;[Ljava/lang/Object;)Ljava/lang/Object;" line-rate="0.0" branch-rate="0.0" complexity="0">
							<lines>
								<line number="192" hits="0" branch="false"/>
								<line number="193" hits="0" branch="false"/>
								<line number="195" hits="0" branch="false"/>
								<line number="197" hits="0" branch="false"/>
								<line number="198" hits="0" branch="false"/>
								<line number="200" hits="0" branch="false"/>
								<line number="207" hits="0" branch="true" condition-coverage="0% (0/2)">
									<conditions>
										<condition number="0" type="jump" coverage="0%"/>
									</conditions>
								</line>
								<line number="208" hits="0" branch="false"/>
								<line number="209" hits="0" branch="false"/>
								<line number="210" hits="0" branch="false"/>
								<line number="212" hits="0" branch="true" condition-coverage="0% (0/2)">
									<conditions>
										<condition number="0" type="jump" coverage="0%"/>
									</conditions>
								</line>
								<line number="213" hits="0" branch="false"/>
								<line number="214" hits="0" branch="false"/>
								<line number="217" hits="0" branch="true" condition-coverage="0% (0/2)">
									<conditions>
										<condition number="0" type="jump" coverage="0%"/>
									</conditions>
								</line>
								<line number="219" hits="0" branch="false"/>
								<line number="221" hits="0" branch="false"/>
							</lines>
						</method>
						<method name="isCallRetriable" signature="(I)Z" line-rate="0.0" branch-rate="0.0" complexity="0">
							<lines>
								<line number="164" hits="0" branch="true" condition-coverage="0% (0/2)">
									<conditions>
										<condition number="0" type="jump" coverage="0%"/>
									</conditions>
								</line>
							</lines>
						</method>
					</methods>
					<lines>
						<line number="54" hits="0" branch="false"/>
						<line number="56" hits="0" branch="false"/>
						<line number="57" hits="0" branch="false"/>
						<line number="59" hits="0" branch="false"/>
						<line number="101" hits="0" branch="false"/>
						<line number="110" hits="0" branch="false"/>
						<line number="119" hits="0" branch="false"/>
						<line number="128" hits="0" branch="false"/>
						<line number="137" hits="0" branch="false"/>
						<line number="146" hits="0" branch="false"/>
						<line number="153" hits="0" branch="false"/>
						<line number="164" hits="0" branch="true" condition-coverage="0% (0/2)">
							<conditions>
								<condition number="0" type="jump" coverage="0%"/>
							</conditions>
						</line>
						<line number="177" hits="0" branch="false"/>
						<line number="178" hits="0" branch="false"/>
						<line number="179" hits="0" branch="false"/>
						<line number="180" hits="0" branch="false"/>
						<line number="181" hits="0" branch="false"/>
						<line number="182" hits="0" branch="false"/>
						<line number="183" hits="0" branch="false"/>
						<line number="184" hits="0" branch="false"/>
						<line number="185" hits="0" branch="false"/>
						<line number="192" hits="0" branch="false"/>
						<line number="193" hits="0" branch="false"/>
						<line number="195" hits="0" branch="false"/>
						<line number="197" hits="0" branch="false"/>
						<line number="198" hits="0" branch="false"/>
						<line number="200" hits="0" branch="false"/>
						<line number="207" hits="0" branch="true" condition-coverage="0% (0/2)">
							<conditions>
								<condition number="0" type="jump" coverage="0%"/>
							</conditions>
						</line>
						<line number="208" hits="0" branch="false"/>
						<line number="209" hits="0" branch="false"/>
						<line number="210" hits="0" branch="false"/>
						<line number="212" hits="0" branch="true" condition-coverage="0% (0/2)">
							<conditions>
								<condition number="0" type="jump" coverage="0%"/>
							</conditions>
						</line>
						<line number="213" hits="0" branch="false"/>
						<line number="214" hits="0" branch="false"/>
						<line number="217" hits="0" branch="true" condition-coverage="0% (0/2)">
							<conditions>
								<condition number="0" type="jump" coverage="0%"/>
							</conditions>
						</line>
						<line number="219" hits="0" branch="false"/>
						<line number="221" hits="0" branch="false"/>
					</lines>
				</class>
				<class name="org.solenopsis.keraiai.soap.port.SalesforcePortUtils" filename="org/solenopsis/keraiai/soap/port/SalesforcePortUtils.java" line-rate="0.0" branch-rate="1.0" complexity="1.0">
					<methods>
						<method name="&lt;clinit&gt;" signature="()V" line-rate="0.0" branch-rate="1.0" complexity="0">
							<lines>
								<line number="38" hits="0" branch="false"/>
							</lines>
						</method>
						<method name="&lt;init&gt;" signature="()V" line-rate="0.0" branch-rate="1.0" complexity="0">
							<lines>
								<line number="100" hits="0" branch="false"/>
								<line number="101" hits="0" branch="false"/>
							</lines>
						</method>
						<method name="createSessionPort" signature="(Ljava/lang/String;Ljava/lang/String;Ljavax/xml/ws/Service;Ljava/lang/Class;)Ljava/lang/Object;" line-rate="0.0" branch-rate="1.0" complexity="0">
							<lines>
								<line number="60" hits="0" branch="false"/>
								<line number="62" hits="0" branch="false"/>
								<line number="64" hits="0" branch="false"/>
							</lines>
						</method>
						<method name="createSessionPort" signature="(Lorg/solenopsis/keraiai/soap/ApiWebService;Lorg/solenopsis/keraiai/LoginContext;)Ljava/lang/Object;" line-rate="0.0" branch-rate="1.0" complexity="0">
							<lines>
								<line number="94" hits="0" branch="false"/>
							</lines>
						</method>
						<method name="createSessionPort" signature="(Lorg/solenopsis/keraiai/soap/WebServiceType;Lorg/solenopsis/keraiai/LoginContext;Ljavax/xml/ws/Service;Ljava/lang/Class;)Ljava/lang/Object;" line-rate="0.0" branch-rate="1.0" complexity="0">
							<lines>
								<line number="80" hits="0" branch="false"/>
							</lines>
						</method>
						<method name="getLogger" signature="()Ljava/util/logging/Logger;" line-rate="0.0" branch-rate="1.0" complexity="0">
							<lines>
								<line number="44" hits="0" branch="false"/>
							</lines>
						</method>
					</methods>
					<lines>
						<line number="38" hits="0" branch="false"/>
						<line number="44" hits="0" branch="false"/>
						<line number="60" hits="0" branch="false"/>
						<line number="62" hits="0" branch="false"/>
						<line number="64" hits="0" branch="false"/>
						<line number="80" hits="0" branch="false"/>
						<line number="94" hits="0" branch="false"/>
						<line number="100" hits="0" branch="false"/>
						<line number="101" hits="0" branch="false"/>
					</lines>
				</class>
				<class name="org.solenopsis.keraiai.soap.port.WebServiceTypeEnum" filename="org/solenopsis/keraiai/soap/port/WebServiceTypeEnum.java" line-rate="0.0" branch-rate="1.0" complexity="1.0">
					<methods>
						<method name="&lt;clinit&gt;" signature="()V" line-rate="0.0" branch-rate="1.0" complexity="0">
							<lines>
								<line number="67" hits="0" branch="false"/>
								<line number="68" hits="0" branch="false"/>
								<line number="69" hits="0" branch="false"/>
								<line number="70" hits="0" branch="false"/>
								<line number="71" hits="0" branch="false"/>
								<line number="72" hits="0" branch="false"/>
								<line number="73" hits="0" branch="false"/>
								<line number="75" hits="0" branch="false"/>
							</lines>
						</method>
						<method name="&lt;init&gt;" signature="(Ljava/lang/String;ILorg/solenopsis/keraiai/soap/SessionUrlFactory;)V" line-rate="0.0" branch-rate="1.0" complexity="0">
							<lines>
								<line number="88" hits="0" branch="false"/>
								<line number="89" hits="0" branch="false"/>
								<line number="90" hits="0" branch="false"/>
							</lines>
						</method>
						<method name="createProxyPort" signature="(Lorg/solenopsis/keraiai/Credentials;Ljava/lang/Class;Ljava/lang/String;)Ljava/lang/Object;" line-rate="0.0" branch-rate="1.0" complexity="0">
							<lines>
								<line number="173" hits="0" branch="false"/>
							</lines>
						</method>
						<method name="createProxyPort" signature="(Lorg/solenopsis/keraiai/Credentials;Ljava/lang/Class;Ljava/net/URL;)Ljava/lang/Object;" line-rate="0.0" branch-rate="1.0" complexity="0">
							<lines>
								<line number="157" hits="0" branch="false"/>
							</lines>
						</method>
						<method name="createProxyPort" signature="(Lorg/solenopsis/keraiai/Credentials;Ljavax/xml/ws/Service;)Ljava/lang/Object;" line-rate="0.0" branch-rate="1.0" complexity="0">
							<lines>
								<line number="141" hits="0" branch="false"/>
							</lines>
						</method>
						<method name="createProxyPort" signature="(Lorg/solenopsis/keraiai/Credentials;Ljavax/xml/ws/Service;Ljava/lang/Class;)Ljava/lang/Object;" line-rate="0.0" branch-rate="1.0" complexity="0">
							<lines>
								<line number="123" hits="0" branch="false"/>
							</lines>
						</method>
						<method name="createProxyPort" signature="(Lorg/solenopsis/keraiai/Credentials;Lorg/solenopsis/keraiai/soap/LoginWebService;Ljava/lang/Class;Ljava/lang/String;)Ljava/lang/Object;" line-rate="0.0" branch-rate="1.0" complexity="0">
							<lines>
								<line number="165" hits="0" branch="false"/>
							</lines>
						</method>
						<method name="createProxyPort" signature="(Lorg/solenopsis/keraiai/Credentials;Lorg/solenopsis/keraiai/soap/LoginWebService;Ljava/lang/Class;Ljava/net/URL;)Ljava/lang/Object;" line-rate="0.0" branch-rate="1.0" complexity="0">
							<lines>
								<line number="149" hits="0" branch="false"/>
							</lines>
						</method>
						<method name="createProxyPort" signature="(Lorg/solenopsis/keraiai/Credentials;Lorg/solenopsis/keraiai/soap/LoginWebService;Ljavax/xml/ws/Service;)Ljava/lang/Object;" line-rate="0.0" branch-rate="1.0" complexity="0">
							<lines>
								<line number="131" hits="0" branch="false"/>
								<line number="133" hits="0" branch="false"/>
							</lines>
						</method>
						<method name="createProxyPort" signature="(Lorg/solenopsis/keraiai/Credentials;Lorg/solenopsis/keraiai/soap/LoginWebService;Ljavax/xml/ws/Service;Ljava/lang/Class;)Ljava/lang/Object;" line-rate="0.0" branch-rate="1.0" complexity="0">
							<lines>
								<line number="105" hits="0" branch="false"/>
								<line number="106" hits="0" branch="false"/>
								<line number="110" hits="0" branch="false"/>
								<line number="115" hits="0" branch="false"/>
							</lines>
						</method>
						<method name="getSessionUrlFactory" signature="()Lorg/solenopsis/keraiai/soap/SessionUrlFactory;" line-rate="0.0" branch-rate="1.0" complexity="0">
							<lines>
								<line number="97" hits="0" branch="false"/>
							</lines>
						</method>
						<method name="valueOf" signature="(Ljava/lang/String;)Lorg/solenopsis/keraiai/soap/port/WebServiceTypeEnum;" line-rate="1.0" branch-rate="1.0" complexity="0">
							<lines>
							</lines>
						</method>
						<method name="values" signature="()[Lorg/solenopsis/keraiai/soap/port/WebServiceTypeEnum;" line-rate="1.0" branch-rate="1.0" complexity="0">
							<lines>
							</lines>
						</method>
					</methods>
					<lines>
						<line number="67" hits="0" branch="false"/>
						<line number="68" hits="0" branch="false"/>
						<line number="69" hits="0" branch="false"/>
						<line number="70" hits="0" branch="false"/>
						<line number="71" hits="0" branch="false"/>
						<line number="72" hits="0" branch="false"/>
						<line number="73" hits="0" branch="false"/>
						<line number="75" hits="0" branch="false"/>
						<line number="88" hits="0" branch="false"/>
						<line number="89" hits="0" branch="false"/>
						<line number="90" hits="0" branch="false"/>
						<line number="97" hits="0" branch="false"/>
						<line number="105" hits="0" branch="false"/>
						<line number="106" hits="0" branch="false"/>
						<line number="110" hits="0" branch="false"/>
						<line number="115" hits="0" branch="false"/>
						<line number="123" hits="0" branch="false"/>
						<line number="131" hits="0" branch="false"/>
						<line number="133" hits="0" branch="false"/>
						<line number="141" hits="0" branch="false"/>
						<line number="149" hits="0" branch="false"/>
						<line number="157" hits="0" branch="false"/>
						<line number="165" hits="0" branch="false"/>
						<line number="173" hits="0" branch="false"/>
					</lines>
				</class>
			</classes>
		</package>
		<package name="org.solenopsis.keraiai.soap.session" line-rate="0.0" branch-rate="1.0" complexity="1.0">
			<classes>
				<class name="org.solenopsis.keraiai.soap.session.ApiSessionPortNameFactory" filename="org/solenopsis/keraiai/soap/session/ApiSessionPortNameFactory.java" line-rate="0.0" branch-rate="1.0" complexity="1.0">
					<methods>
						<method name="&lt;init&gt;" signature="()V" line-rate="0.0" branch-rate="1.0" complexity="0">
							<lines>
								<line number="28" hits="0" branch="false"/>
							</lines>
						</method>
						<method name="computePortName" signature="(Lorg/solenopsis/keraiai/Credentials;Ljavax/xml/ws/Service;)Ljava/lang/String;" line-rate="0.0" branch-rate="1.0" complexity="0">
							<lines>
								<line number="35" hits="0" branch="false"/>
							</lines>
						</method>
						<method name="computePortName" signature="(Lorg/solenopsis/keraiai/LoginContext;Ljavax/xml/ws/Service;)Ljava/lang/String;" line-rate="0.0" branch-rate="1.0" complexity="0">
							<lines>
								<line number="43" hits="0" branch="false"/>
							</lines>
						</method>
					</methods>
					<lines>
						<line number="28" hits="0" branch="false"/>
						<line number="35" hits="0" branch="false"/>
						<line number="43" hits="0" branch="false"/>
					</lines>
				</class>
				<class name="org.solenopsis.keraiai.soap.session.CustomSessionPortNameFactory" filename="org/solenopsis/keraiai/soap/session/CustomSessionPortNameFactory.java" line-rate="0.0" branch-rate="1.0" complexity="1.0">
					<methods>
						<method name="&lt;init&gt;" signature="()V" line-rate="0.0" branch-rate="1.0" complexity="0">
							<lines>
								<line number="29" hits="0" branch="false"/>
							</lines>
						</method>
						<method name="computePortName" signature="(Lorg/solenopsis/keraiai/Credentials;Ljavax/xml/ws/Service;)Ljava/lang/String;" line-rate="0.0" branch-rate="1.0" complexity="0">
							<lines>
								<line number="36" hits="0" branch="false"/>
							</lines>
						</method>
						<method name="computePortName" signature="(Lorg/solenopsis/keraiai/LoginContext;Ljavax/xml/ws/Service;)Ljava/lang/String;" line-rate="0.0" branch-rate="1.0" complexity="0">
							<lines>
								<line number="44" hits="0" branch="false"/>
							</lines>
						</method>
					</methods>
					<lines>
						<line number="29" hits="0" branch="false"/>
						<line number="36" hits="0" branch="false"/>
						<line number="44" hits="0" branch="false"/>
					</lines>
				</class>
				<class name="org.solenopsis.keraiai.soap.session.SessionIdSoapRequestHeaderHandler" filename="org/solenopsis/keraiai/soap/session/SessionIdSoapRequestHeaderHandler.java" line-rate="0.0" branch-rate="1.0" complexity="1.0">
					<methods>
						<method name="&lt;init&gt;" signature="(Ljavax/xml/namespace/QName;Ljava/lang/String;)V" line-rate="0.0" branch-rate="1.0" complexity="0">
							<lines>
								<line number="55" hits="0" branch="false"/>
								<line number="56" hits="0" branch="false"/>
								<line number="57" hits="0" branch="false"/>
								<line number="58" hits="0" branch="false"/>
							</lines>
						</method>
						<method name="&lt;init&gt;" signature="(Ljavax/xml/ws/Service;Ljava/lang/String;)V" line-rate="0.0" branch-rate="1.0" complexity="0">
							<lines>
								<line number="98" hits="0" branch="false"/>
								<line number="99" hits="0" branch="false"/>
							</lines>
						</method>
						<method name="getHeaderName" signature="()Ljavax/xml/namespace/QName;" line-rate="0.0" branch-rate="1.0" complexity="0">
							<lines>
								<line number="67" hits="0" branch="false"/>
							</lines>
						</method>
						<method name="getName" signature="()Ljava/lang/String;" line-rate="0.0" branch-rate="1.0" complexity="0">
							<lines>
								<line number="77" hits="0" branch="false"/>
							</lines>
						</method>
						<method name="getValue" signature="()Ljava/lang/String;" line-rate="0.0" branch-rate="1.0" complexity="0">
							<lines>
								<line number="87" hits="0" branch="false"/>
							</lines>
						</method>
					</methods>
					<lines>
						<line number="55" hits="0" branch="false"/>
						<line number="56" hits="0" branch="false"/>
						<line number="57" hits="0" branch="false"/>
						<line number="58" hits="0" branch="false"/>
						<line number="67" hits="0" branch="false"/>
						<line number="77" hits="0" branch="false"/>
						<line number="87" hits="0" branch="false"/>
						<line number="98" hits="0" branch="false"/>
						<line number="99" hits="0" branch="false"/>
					</lines>
				</class>
				<class name="org.solenopsis.keraiai.soap.session.SessionPortNameFactory" filename="org/solenopsis/keraiai/soap/session/SessionPortNameFactory.java" line-rate="1.0" branch-rate="1.0" complexity="1.0">
					<methods>
					</methods>
					<lines>
					</lines>
				</class>
				<class name="org.solenopsis.keraiai.soap.session.SessionUrlFactoryEnum" filename="org/solenopsis/keraiai/soap/session/SessionUrlFactoryEnum.java" line-rate="0.0" branch-rate="1.0" complexity="1.0">
					<methods>
						<method name="&lt;clinit&gt;" signature="()V" line-rate="0.0" branch-rate="1.0" complexity="0">
							<lines>
								<line number="30" hits="0" branch="false"/>
								<line number="31" hits="0" branch="false"/>
								<line number="32" hits="0" branch="false"/>
								<line number="33" hits="0" branch="false"/>
								<line number="34" hits="0" branch="false"/>
								<line number="35" hits="0" branch="false"/>
								<line number="36" hits="0" branch="false"/>
							</lines>
						</method>
						<method name="&lt;init&gt;" signature="(Ljava/lang/String;ILjava/lang/String;Lorg/solenopsis/keraiai/soap/session/SessionPortNameFactory;)V" line-rate="0.0" branch-rate="1.0" complexity="0">
							<lines>
								<line number="68" hits="0" branch="false"/>
								<line number="69" hits="0" branch="false"/>
								<line number="70" hits="0" branch="false"/>
								<line number="71" hits="0" branch="false"/>
							</lines>
						</method>
						<method name="computeSessionUrl" signature="(Lorg/solenopsis/keraiai/LoginContext;Ljavax/xml/ws/Service;)Ljava/lang/String;" line-rate="0.0" branch-rate="1.0" complexity="0">
							<lines>
								<line number="86" hits="0" branch="false"/>
							</lines>
						</method>
						<method name="computeUrl" signature="(Lorg/solenopsis/keraiai/Credentials;Ljavax/xml/ws/Service;)Ljava/lang/String;" line-rate="0.0" branch-rate="1.0" complexity="0">
							<lines>
								<line number="78" hits="0" branch="false"/>
							</lines>
						</method>
						<method name="getPartialUrl" signature="()Ljava/lang/String;" line-rate="0.0" branch-rate="1.0" complexity="0">
							<lines>
								<line number="52" hits="0" branch="false"/>
							</lines>
						</method>
						<method name="getPortNameFactory" signature="()Lorg/solenopsis/keraiai/soap/session/SessionPortNameFactory;" line-rate="0.0" branch-rate="1.0" complexity="0">
							<lines>
								<line number="59" hits="0" branch="false"/>
							</lines>
						</method>
						<method name="valueOf" signature="(Ljava/lang/String;)Lorg/solenopsis/keraiai/soap/session/SessionUrlFactoryEnum;" line-rate="1.0" branch-rate="1.0" complexity="0">
							<lines>
							</lines>
						</method>
						<method name="values" signature="()[Lorg/solenopsis/keraiai/soap/session/SessionUrlFactoryEnum;" line-rate="1.0" branch-rate="1.0" complexity="0">
							<lines>
							</lines>
						</method>
					</methods>
					<lines>
						<line number="30" hits="0" branch="false"/>
						<line number="31" hits="0" branch="false"/>
						<line number="32" hits="0" branch="false"/>
						<line number="33" hits="0" branch="false"/>
						<line number="34" hits="0" branch="false"/>
						<line number="35" hits="0" branch="false"/>
						<line number="36" hits="0" branch="false"/>
						<line number="52" hits="0" branch="false"/>
						<line number="59" hits="0" branch="false"/>
						<line number="68" hits="0" branch="false"/>
						<line number="69" hits="0" branch="false"/>
						<line number="70" hits="0" branch="false"/>
						<line number="71" hits="0" branch="false"/>
						<line number="78" hits="0" branch="false"/>
						<line number="86" hits="0" branch="false"/>
					</lines>
				</class>
			</classes>
		</package>
		<package name="org.solenopsis.keraiai.soap.utils" line-rate="0.0" branch-rate="1.0" complexity="1.0">
			<classes>
				<class name="org.solenopsis.keraiai.soap.utils.SalesforceSessionHeaderUtils" filename="org/solenopsis/keraiai/soap/utils/SalesforceSessionHeaderUtils.java" line-rate="0.0" branch-rate="1.0" complexity="1.0">
					<methods>
						<method name="&lt;init&gt;" signature="()V" line-rate="0.0" branch-rate="1.0" complexity="0">
							<lines>
								<line number="83" hits="0" branch="false"/>
								<line number="84" hits="0" branch="false"/>
							</lines>
						</method>
						<method name="computeSessionHeaderNameForNamespace" signature="(Ljava/lang/String;)Ljavax/xml/namespace/QName;" line-rate="0.0" branch-rate="1.0" complexity="0">
							<lines>
								<line number="45" hits="0" branch="false"/>
								<line number="47" hits="0" branch="false"/>
							</lines>
						</method>
						<method name="computeSessionHeaderNameForQname" signature="(Ljavax/xml/namespace/QName;)Ljavax/xml/namespace/QName;" line-rate="0.0" branch-rate="1.0" complexity="0">
							<lines>
								<line number="60" hits="0" branch="false"/>
								<line number="62" hits="0" branch="false"/>
							</lines>
						</method>
						<method name="computeSessionHeaderNameForService" signature="(Ljavax/xml/ws/Service;)Ljavax/xml/namespace/QName;" line-rate="0.0" branch-rate="1.0" complexity="0">
							<lines>
								<line number="75" hits="0" branch="false"/>
								<line number="77" hits="0" branch="false"/>
							</lines>
						</method>
					</methods>
					<lines>
						<line number="45" hits="0" branch="false"/>
						<line number="47" hits="0" branch="false"/>
						<line number="60" hits="0" branch="false"/>
						<line number="62" hits="0" branch="false"/>
						<line number="75" hits="0" branch="false"/>
						<line number="77" hits="0" branch="false"/>
						<line number="83" hits="0" branch="false"/>
						<line number="84" hits="0" branch="false"/>
					</lines>
				</class>
			</classes>
		</package>
	</packages>
</coverage>
